<?xml version="1.0" encoding="UTF-8"?>
<!-- Generated by org.testng.reporters.JUnitReportReporter -->
<testsuite hostname="LAPTOP-SSGRGSOU" failures="0" tests="1" name="com.mystore.testCases.HomePageTestCase" time="10.599" errors="0" timestamp="2024-08-13T12:02:19 IST" skipped="0">
  <testcase classname="com.mystore.testCases.HomePageTestCase" name="orderHistoryandDetailsTest" time="10.599"/>
  <system-out/>
</testsuite> <!-- com.mystore.testCases.HomePageTestCase -->
