<?xml version="1.0" encoding="UTF-8"?>
<!-- Generated by org.testng.reporters.JUnitReportReporter -->
<testsuite hostname="LAPTOP-SSGRGSOU" failures="0" tests="1" name="com.mystore.testCases.loginPageTestCase" time="9.388" errors="0" timestamp="2024-08-13T12:09:58 IST" skipped="0">
  <testcase classname="com.mystore.testCases.loginPageTestCase" name="loginTest" time="9.388"/>
  <system-out/>
</testsuite> <!-- com.mystore.testCases.loginPageTestCase -->
