<?xml version="1.0" encoding="UTF-8"?>
<!-- Generated by org.testng.reporters.JUnitReportReporter -->
<testsuite hostname="LAPTOP-SSGRGSOU" failures="0" tests="1" name="com.mystore.testCases.SearchResultPageTestCase" time="13.970" errors="0" timestamp="2024-08-16T12:54:17 IST" skipped="0">
  <testcase classname="com.mystore.testCases.SearchResultPageTestCase" name="productAvialabilityTest" time="13.970"/>
  <system-out/>
</testsuite> <!-- com.mystore.testCases.SearchResultPageTestCase -->
