<?xml version="1.0" encoding="UTF-8"?>
<!-- Generated by org.testng.reporters.JUnitReportReporter -->
<testsuite hostname="LAPTOP-SSGRGSOU" failures="0" tests="1" name="com.mystore.testCases.loginPageTestCase" time="8.883" errors="0" timestamp="2024-08-10T11:14:29 IST" skipped="0">
  <testcase classname="com.mystore.testCases.loginPageTestCase" name="loginTest" time="8.883"/>
  <system-out/>
</testsuite> <!-- com.mystore.testCases.loginPageTestCase -->
