<?xml version="1.0" encoding="UTF-8"?>
<!-- Generated by org.testng.reporters.JUnitReportReporter -->
<testsuite hostname="LAPTOP-SSGRGSOU" failures="0" tests="1" name="com.mystore.testCases.AccountCreationPageTestCase" time="8.082" errors="0" timestamp="2024-08-12T10:38:09 IST" skipped="0">
  <testcase classname="com.mystore.testCases.AccountCreationPageTestCase" name="verifyCreateAccountPageTest" time="8.082"/>
  <system-out/>
</testsuite> <!-- com.mystore.testCases.AccountCreationPageTestCase -->
