<?xml version="1.0" encoding="UTF-8"?>
<!-- Generated by org.testng.reporters.JUnitReportReporter -->
<testsuite hostname="LAPTOP-SSGRGSOU" failures="0" tests="2" name="com.mystore.testCases.IndexPageTestCase" time="9.853" errors="0" timestamp="2024-08-14T12:20:48 IST" skipped="0">
  <testcase classname="com.mystore.testCases.IndexPageTestCase" name="verifyTitle" time="4.483"/>
  <system-out/>
  <testcase classname="com.mystore.testCases.IndexPageTestCase" name="verifylogo" time="5.370"/>
  <system-out/>
</testsuite> <!-- com.mystore.testCases.IndexPageTestCase -->
