<?xml version="1.0" encoding="UTF-8"?>
<!-- Generated by org.testng.reporters.JUnitReportReporter -->
<testsuite hostname="LAPTOP-SSGRGSOU" failures="0" tests="1" name="com.mystore.testCases.EndToEndTestCase" time="39.139" errors="0" timestamp="2024-08-13T12:34:33 IST" skipped="0">
  <testcase classname="com.mystore.testCases.EndToEndTestCase" name="endToEndTest" time="39.139"/>
  <system-out/>
</testsuite> <!-- com.mystore.testCases.EndToEndTestCase -->
