<?xml version="1.0" encoding="UTF-8"?>
<!-- Generated by org.testng.reporters.JUnitReportReporter -->
<testsuite hostname="LAPTOP-SSGRGSOU" failures="0" tests="2" name="com.mystore.testCases.IndexPageTestCase" time="15.937" errors="0" timestamp="2024-08-10T13:12:50 IST" skipped="0">
  <testcase classname="com.mystore.testCases.IndexPageTestCase" name="verifylogo" time="5.526"/>
  <system-out/>
  <testcase classname="com.mystore.testCases.IndexPageTestCase" name="verifyTitle" time="10.411"/>
  <system-out/>
</testsuite> <!-- com.mystore.testCases.IndexPageTestCase -->
