<?xml version="1.0" encoding="UTF-8"?>
<!-- Generated by org.testng.reporters.JUnitReportReporter -->
<testsuite hostname="LAPTOP-SSGRGSOU" failures="0" tests="1" name="com.mystore.testCases.AccountCreationPageTestCase" time="7.973" errors="0" timestamp="2024-08-13T12:10:37 IST" skipped="0">
  <testcase classname="com.mystore.testCases.AccountCreationPageTestCase" name="verifyCreateAccountPageTest" time="7.973"/>
  <system-out/>
</testsuite> <!-- com.mystore.testCases.AccountCreationPageTestCase -->
