<?xml version="1.0" encoding="UTF-8"?>
<!-- Generated by org.testng.reporters.JUnitReportReporter -->
<testsuite hostname="LAPTOP-SSGRGSOU" failures="0" tests="1" name="com.mystore.testCases.OrderPageTestCase" time="21.753" errors="0" timestamp="2024-08-13T11:19:38 IST" skipped="0">
  <testcase classname="com.mystore.testCases.OrderPageTestCase" name="verifyTotalPrice" time="21.753"/>
  <system-out/>
</testsuite> <!-- com.mystore.testCases.OrderPageTestCase -->
